<?xml version="1.0" encoding="UTF-8"?>
<testsuite name="it.unisa.casper.analysis.code_smell_detection.misplaced_class.TextualMisplacedClassStrategyTest" tests="8" skipped="0" failures="0" errors="0" timestamp="2022-05-05T17:00:45" hostname="AIR-DI-MARCO.station" time="0.691">
  <properties/>
  <testcase name="isSmellyMinThreshold" classname="it.unisa.casper.analysis.code_smell_detection.misplaced_class.TextualMisplacedClassStrategyTest" time="0.022"/>
  <testcase name="isSmellyFalse" classname="it.unisa.casper.analysis.code_smell_detection.misplaced_class.TextualMisplacedClassStrategyTest" time="0.019"/>
  <testcase name="isSmellyNearThreshold" classname="it.unisa.casper.analysis.code_smell_detection.misplaced_class.TextualMisplacedClassStrategyTest" time="0.024"/>
  <testcase name="isSmellyTrue" classname="it.unisa.casper.analysis.code_smell_detection.misplaced_class.TextualMisplacedClassStrategyTest" time="0.026"/>
  <testcase name="isSmellyMinThreshold" classname="it.unisa.casper.analysis.code_smell_detection.misplaced_class.TextualMisplacedClassStrategyTest" time="0.031"/>
  <testcase name="isSmellyFalse" classname="it.unisa.casper.analysis.code_smell_detection.misplaced_class.TextualMisplacedClassStrategyTest" time="0.009"/>
  <testcase name="isSmellyNearThreshold" classname="it.unisa.casper.analysis.code_smell_detection.misplaced_class.TextualMisplacedClassStrategyTest" time="0.031"/>
  <testcase name="isSmellyTrue" classname="it.unisa.casper.analysis.code_smell_detection.misplaced_class.TextualMisplacedClassStrategyTest" time="0.01"/>
  <system-out><![CDATA[]]></system-out>
  <system-err><![CDATA[mag 05, 2022 7:00:45 PM it.unisa.casper.analysis.code_smell_detection.misplaced_class.TextualMisplacedClassStrategyTest isSmellyMinThreshold
INFORMAZIONI: 
false
mag 05, 2022 7:00:45 PM it.unisa.casper.analysis.code_smell_detection.misplaced_class.TextualMisplacedClassStrategyTest isSmellyFalse
INFORMAZIONI: 
false
mag 05, 2022 7:00:45 PM it.unisa.casper.analysis.code_smell_detection.misplaced_class.TextualMisplacedClassStrategyTest isSmellyNearThreshold
INFORMAZIONI: 
true
mag 05, 2022 7:00:45 PM it.unisa.casper.analysis.code_smell_detection.misplaced_class.TextualMisplacedClassStrategyTest isSmellyTrue
INFORMAZIONI: 
true
mag 05, 2022 7:00:45 PM it.unisa.casper.analysis.code_smell_detection.misplaced_class.TextualMisplacedClassStrategyTest isSmellyMinThreshold
INFORMAZIONI: 
false
mag 05, 2022 7:00:45 PM it.unisa.casper.analysis.code_smell_detection.misplaced_class.TextualMisplacedClassStrategyTest isSmellyFalse
INFORMAZIONI: 
false
mag 05, 2022 7:00:45 PM it.unisa.casper.analysis.code_smell_detection.misplaced_class.TextualMisplacedClassStrategyTest isSmellyNearThreshold
INFORMAZIONI: 
true
mag 05, 2022 7:00:45 PM it.unisa.casper.analysis.code_smell_detection.misplaced_class.TextualMisplacedClassStrategyTest isSmellyTrue
INFORMAZIONI: 
true
]]></system-err>
</testsuite>
