<?xml version="1.0" encoding="UTF-8"?>
<testsuite name="it.unisa.casper.analysis.code_smell_detection.misplaced_class.TextualMisplacedClassStrategyTest" tests="8" skipped="0" failures="0" errors="0" timestamp="2022-05-10T18:02:24" hostname="AIR-DI-MARCO.station" time="0.719">
  <properties/>
  <testcase name="isSmellyMinThreshold" classname="it.unisa.casper.analysis.code_smell_detection.misplaced_class.TextualMisplacedClassStrategyTest" time="0.019"/>
  <testcase name="isSmellyFalse" classname="it.unisa.casper.analysis.code_smell_detection.misplaced_class.TextualMisplacedClassStrategyTest" time="0.01"/>
  <testcase name="isSmellyNearThreshold" classname="it.unisa.casper.analysis.code_smell_detection.misplaced_class.TextualMisplacedClassStrategyTest" time="0.015"/>
  <testcase name="isSmellyTrue" classname="it.unisa.casper.analysis.code_smell_detection.misplaced_class.TextualMisplacedClassStrategyTest" time="0.015"/>
  <testcase name="isSmellyMinThreshold" classname="it.unisa.casper.analysis.code_smell_detection.misplaced_class.TextualMisplacedClassStrategyTest" time="0.14"/>
  <testcase name="isSmellyFalse" classname="it.unisa.casper.analysis.code_smell_detection.misplaced_class.TextualMisplacedClassStrategyTest" time="0.006"/>
  <testcase name="isSmellyNearThreshold" classname="it.unisa.casper.analysis.code_smell_detection.misplaced_class.TextualMisplacedClassStrategyTest" time="0.016"/>
  <testcase name="isSmellyTrue" classname="it.unisa.casper.analysis.code_smell_detection.misplaced_class.TextualMisplacedClassStrategyTest" time="0.018"/>
  <system-out><![CDATA[]]></system-out>
  <system-err><![CDATA[mag 10, 2022 8:02:24 PM it.unisa.casper.analysis.code_smell_detection.misplaced_class.TextualMisplacedClassStrategyTest isSmellyMinThreshold
INFO: 
false
mag 10, 2022 8:02:24 PM it.unisa.casper.analysis.code_smell_detection.misplaced_class.TextualMisplacedClassStrategyTest isSmellyFalse
INFO: 
false
mag 10, 2022 8:02:24 PM it.unisa.casper.analysis.code_smell_detection.misplaced_class.TextualMisplacedClassStrategyTest isSmellyNearThreshold
INFO: 
true
mag 10, 2022 8:02:24 PM it.unisa.casper.analysis.code_smell_detection.misplaced_class.TextualMisplacedClassStrategyTest isSmellyTrue
INFO: 
true
mag 10, 2022 8:02:25 PM it.unisa.casper.analysis.code_smell_detection.misplaced_class.TextualMisplacedClassStrategyTest isSmellyMinThreshold
INFO: 
false
mag 10, 2022 8:02:25 PM it.unisa.casper.analysis.code_smell_detection.misplaced_class.TextualMisplacedClassStrategyTest isSmellyFalse
INFO: 
false
mag 10, 2022 8:02:25 PM it.unisa.casper.analysis.code_smell_detection.misplaced_class.TextualMisplacedClassStrategyTest isSmellyNearThreshold
INFO: 
true
mag 10, 2022 8:02:25 PM it.unisa.casper.analysis.code_smell_detection.misplaced_class.TextualMisplacedClassStrategyTest isSmellyTrue
INFO: 
true
]]></system-err>
</testsuite>
