<?xml version="1.0" encoding="UTF-8"?>
<testsuite name="it.unisa.casper.analysis.code_smell_detection.BeanDetectionTest" tests="2" skipped="0" failures="0" errors="0" timestamp="2022-05-05T17:00:45" hostname="AIR-DI-MARCO.station" time="0.097">
  <properties/>
  <testcase name="isBean" classname="it.unisa.casper.analysis.code_smell_detection.BeanDetectionTest" time="0.001"/>
  <testcase name="isBean" classname="it.unisa.casper.analysis.code_smell_detection.BeanDetectionTest" time="0.001"/>
  <system-out><![CDATA[]]></system-out>
  <system-err><![CDATA[mag 05, 2022 7:00:45 PM it.unisa.casper.analysis.code_smell_detection.BeanDetectionTest isBean
INFORMAZIONI: 
true
mag 05, 2022 7:00:45 PM it.unisa.casper.analysis.code_smell_detection.BeanDetectionTest isBean
INFORMAZIONI: 
true
]]></system-err>
</testsuite>
