<?xml version="1.0" encoding="UTF-8"?>
<testsuite name="it.unisa.casper.analysis.code_smell_detection.blob.StructuralBlobStrategyTest" tests="10" skipped="0" failures="0" errors="0" timestamp="2022-05-10T18:02:25" hostname="AIR-DI-MARCO.station" time="0.263">
  <properties/>
  <testcase name="isSmellyTrueControl" classname="it.unisa.casper.analysis.code_smell_detection.blob.StructuralBlobStrategyTest" time="0.007"/>
  <testcase name="isSmellyMinThreshold" classname="it.unisa.casper.analysis.code_smell_detection.blob.StructuralBlobStrategyTest" time="0.002"/>
  <testcase name="isSmellyFalse" classname="it.unisa.casper.analysis.code_smell_detection.blob.StructuralBlobStrategyTest" time="0.001"/>
  <testcase name="isSmellyNearThreshold" classname="it.unisa.casper.analysis.code_smell_detection.blob.StructuralBlobStrategyTest" time="0.001"/>
  <testcase name="isSmellyTrue" classname="it.unisa.casper.analysis.code_smell_detection.blob.StructuralBlobStrategyTest" time="0.002"/>
  <testcase name="isSmellyTrueControl" classname="it.unisa.casper.analysis.code_smell_detection.blob.StructuralBlobStrategyTest" time="0.001"/>
  <testcase name="isSmellyMinThreshold" classname="it.unisa.casper.analysis.code_smell_detection.blob.StructuralBlobStrategyTest" time="0.007"/>
  <testcase name="isSmellyFalse" classname="it.unisa.casper.analysis.code_smell_detection.blob.StructuralBlobStrategyTest" time="0.003"/>
  <testcase name="isSmellyNearThreshold" classname="it.unisa.casper.analysis.code_smell_detection.blob.StructuralBlobStrategyTest" time="0.002"/>
  <testcase name="isSmellyTrue" classname="it.unisa.casper.analysis.code_smell_detection.blob.StructuralBlobStrategyTest" time="0.001"/>
  <system-out><![CDATA[]]></system-out>
  <system-err><![CDATA[mag 10, 2022 8:02:25 PM it.unisa.casper.analysis.code_smell_detection.blob.StructuralBlobStrategyTest isSmellyTrueControl
INFO: 
true
mag 10, 2022 8:02:25 PM it.unisa.casper.analysis.code_smell_detection.blob.StructuralBlobStrategyTest isSmellyMinThreshold
INFO: 
false
mag 10, 2022 8:02:25 PM it.unisa.casper.analysis.code_smell_detection.blob.StructuralBlobStrategyTest isSmellyFalse
INFO: 
false
mag 10, 2022 8:02:25 PM it.unisa.casper.analysis.code_smell_detection.blob.StructuralBlobStrategyTest isSmellyNearThreshold
INFO: 
true
mag 10, 2022 8:02:25 PM it.unisa.casper.analysis.code_smell_detection.blob.StructuralBlobStrategyTest isSmellyTrue
INFO: 
true
mag 10, 2022 8:02:25 PM it.unisa.casper.analysis.code_smell_detection.blob.StructuralBlobStrategyTest isSmellyTrueControl
INFO: 
true
mag 10, 2022 8:02:25 PM it.unisa.casper.analysis.code_smell_detection.blob.StructuralBlobStrategyTest isSmellyMinThreshold
INFO: 
false
mag 10, 2022 8:02:25 PM it.unisa.casper.analysis.code_smell_detection.blob.StructuralBlobStrategyTest isSmellyFalse
INFO: 
false
mag 10, 2022 8:02:25 PM it.unisa.casper.analysis.code_smell_detection.blob.StructuralBlobStrategyTest isSmellyNearThreshold
INFO: 
true
mag 10, 2022 8:02:25 PM it.unisa.casper.analysis.code_smell_detection.blob.StructuralBlobStrategyTest isSmellyTrue
INFO: 
true
]]></system-err>
</testsuite>
