<?xml version="1.0" encoding="UTF-8"?>
<testsuite name="it.unisa.casper.refactor.SplitPackagesTest" tests="4" skipped="0" failures="0" errors="0" timestamp="2022-05-10T18:02:25" hostname="AIR-DI-MARCO.station" time="0.731">
  <properties/>
  <testcase name="splitFalse" classname="it.unisa.casper.refactor.SplitPackagesTest" time="0.007"/>
  <testcase name="splitTrue" classname="it.unisa.casper.refactor.SplitPackagesTest" time="0.038"/>
  <testcase name="splitFalse" classname="it.unisa.casper.refactor.SplitPackagesTest" time="0.001"/>
  <testcase name="splitTrue" classname="it.unisa.casper.refactor.SplitPackagesTest" time="0.031"/>
  <system-out><![CDATA[]]></system-out>
  <system-err><![CDATA[mag 10, 2022 8:02:25 PM it.unisa.casper.refactor.SplitPackagesTest splitFalse
INFO: 
true
mag 10, 2022 8:02:25 PM it.unisa.casper.refactor.SplitPackagesTest splitFalse
INFO: 
Error occurred:false
mag 10, 2022 8:02:25 PM it.unisa.casper.refactor.SplitPackagesTest splitTrue
INFO: 
true
mag 10, 2022 8:02:25 PM it.unisa.casper.refactor.SplitPackagesTest splitTrue
INFO: 
Error occurred:false
mag 10, 2022 8:02:25 PM it.unisa.casper.refactor.SplitPackagesTest splitFalse
INFO: 
true
mag 10, 2022 8:02:25 PM it.unisa.casper.refactor.SplitPackagesTest splitFalse
INFO: 
Error occurred:false
mag 10, 2022 8:02:25 PM it.unisa.casper.refactor.SplitPackagesTest splitTrue
INFO: 
true
mag 10, 2022 8:02:25 PM it.unisa.casper.refactor.SplitPackagesTest splitTrue
INFO: 
Error occurred:false
]]></system-err>
</testsuite>
