<?xml version="1.0" encoding="UTF-8"?>
<testsuite name="it.unisa.casper.refactor.SplitPackagesTest" tests="4" skipped="0" failures="0" errors="0" timestamp="2022-05-05T17:00:45" hostname="AIR-DI-MARCO.station" time="0.427">
  <properties/>
  <testcase name="splitFalse" classname="it.unisa.casper.refactor.SplitPackagesTest" time="0.014"/>
  <testcase name="splitTrue" classname="it.unisa.casper.refactor.SplitPackagesTest" time="0.077"/>
  <testcase name="splitFalse" classname="it.unisa.casper.refactor.SplitPackagesTest" time="0.002"/>
  <testcase name="splitTrue" classname="it.unisa.casper.refactor.SplitPackagesTest" time="0.025"/>
  <system-out><![CDATA[]]></system-out>
  <system-err><![CDATA[mag 05, 2022 7:00:45 PM it.unisa.casper.refactor.SplitPackagesTest splitFalse
INFORMAZIONI: 
true
mag 05, 2022 7:00:45 PM it.unisa.casper.refactor.SplitPackagesTest splitFalse
INFORMAZIONI: 
Error occurred:false
mag 05, 2022 7:00:45 PM it.unisa.casper.refactor.SplitPackagesTest splitTrue
INFORMAZIONI: 
true
mag 05, 2022 7:00:45 PM it.unisa.casper.refactor.SplitPackagesTest splitTrue
INFORMAZIONI: 
Error occurred:false
mag 05, 2022 7:00:45 PM it.unisa.casper.refactor.SplitPackagesTest splitFalse
INFORMAZIONI: 
true
mag 05, 2022 7:00:45 PM it.unisa.casper.refactor.SplitPackagesTest splitFalse
INFORMAZIONI: 
Error occurred:false
mag 05, 2022 7:00:45 PM it.unisa.casper.refactor.SplitPackagesTest splitTrue
INFORMAZIONI: 
true
mag 05, 2022 7:00:45 PM it.unisa.casper.refactor.SplitPackagesTest splitTrue
INFORMAZIONI: 
Error occurred:false
]]></system-err>
</testsuite>
