<?xml version="1.0" encoding="UTF-8"?>
<testsuite name="it.unisa.casper.refactor.SplitClassTest" tests="4" skipped="0" failures="0" errors="0" timestamp="2022-05-10T18:02:25" hostname="AIR-DI-MARCO.station" time="0.653">
  <properties/>
  <testcase name="splitFalse" classname="it.unisa.casper.refactor.SplitClassTest" time="0.017"/>
  <testcase name="splitTrue" classname="it.unisa.casper.refactor.SplitClassTest" time="0.011"/>
  <testcase name="splitFalse" classname="it.unisa.casper.refactor.SplitClassTest" time="0.013"/>
  <testcase name="splitTrue" classname="it.unisa.casper.refactor.SplitClassTest" time="0.012"/>
  <system-out><![CDATA[]]></system-out>
  <system-err><![CDATA[mag 10, 2022 8:02:25 PM it.unisa.casper.refactor.SplitClassTest splitFalse
INFO: 
true
mag 10, 2022 8:02:25 PM it.unisa.casper.refactor.SplitClassTest splitFalse
INFO: 
Error occurred:false
mag 10, 2022 8:02:25 PM it.unisa.casper.refactor.SplitClassTest splitTrue
INFO: 
true
mag 10, 2022 8:02:25 PM it.unisa.casper.refactor.SplitClassTest splitTrue
INFO: 
Error occurred:false
mag 10, 2022 8:02:25 PM it.unisa.casper.refactor.SplitClassTest splitFalse
INFO: 
true
mag 10, 2022 8:02:25 PM it.unisa.casper.refactor.SplitClassTest splitFalse
INFO: 
Error occurred:false
mag 10, 2022 8:02:25 PM it.unisa.casper.refactor.SplitClassTest splitTrue
INFO: 
true
mag 10, 2022 8:02:25 PM it.unisa.casper.refactor.SplitClassTest splitTrue
INFO: 
Error occurred:false
]]></system-err>
</testsuite>
