<?xml version="1.0" encoding="UTF-8"?>
<testsuite name="it.unisa.casper.analysis.code_smell_detection.blob.TextualBlobStrategyTest" tests="8" skipped="0" failures="0" errors="0" timestamp="2022-05-05T17:00:45" hostname="AIR-DI-MARCO.station" time="0.745">
  <properties/>
  <testcase name="isSmellyMinThreshold" classname="it.unisa.casper.analysis.code_smell_detection.blob.TextualBlobStrategyTest" time="0.044"/>
  <testcase name="isSmellyFalse" classname="it.unisa.casper.analysis.code_smell_detection.blob.TextualBlobStrategyTest" time="0.002"/>
  <testcase name="isSmellyNearThreshold" classname="it.unisa.casper.analysis.code_smell_detection.blob.TextualBlobStrategyTest" time="0.083"/>
  <testcase name="isSmellyTrue" classname="it.unisa.casper.analysis.code_smell_detection.blob.TextualBlobStrategyTest" time="0.039"/>
  <testcase name="isSmellyMinThreshold" classname="it.unisa.casper.analysis.code_smell_detection.blob.TextualBlobStrategyTest" time="0.015"/>
  <testcase name="isSmellyFalse" classname="it.unisa.casper.analysis.code_smell_detection.blob.TextualBlobStrategyTest" time="0.003"/>
  <testcase name="isSmellyNearThreshold" classname="it.unisa.casper.analysis.code_smell_detection.blob.TextualBlobStrategyTest" time="0.022"/>
  <testcase name="isSmellyTrue" classname="it.unisa.casper.analysis.code_smell_detection.blob.TextualBlobStrategyTest" time="0.019"/>
  <system-out><![CDATA[]]></system-out>
  <system-err><![CDATA[mag 05, 2022 7:00:45 PM it.unisa.casper.analysis.code_smell_detection.blob.TextualBlobStrategyTest isSmellyMinThreshold
INFORMAZIONI: 
false
mag 05, 2022 7:00:45 PM it.unisa.casper.analysis.code_smell_detection.blob.TextualBlobStrategyTest isSmellyFalse
INFORMAZIONI: 
false
mag 05, 2022 7:00:45 PM it.unisa.casper.analysis.code_smell_detection.blob.TextualBlobStrategyTest isSmellyNearThreshold
INFORMAZIONI: 
true
mag 05, 2022 7:00:45 PM it.unisa.casper.analysis.code_smell_detection.blob.TextualBlobStrategyTest isSmellyTrue
INFORMAZIONI: 
true
mag 05, 2022 7:00:45 PM it.unisa.casper.analysis.code_smell_detection.blob.TextualBlobStrategyTest isSmellyMinThreshold
INFORMAZIONI: 
false
mag 05, 2022 7:00:45 PM it.unisa.casper.analysis.code_smell_detection.blob.TextualBlobStrategyTest isSmellyFalse
INFORMAZIONI: 
false
mag 05, 2022 7:00:45 PM it.unisa.casper.analysis.code_smell_detection.blob.TextualBlobStrategyTest isSmellyNearThreshold
INFORMAZIONI: 
true
mag 05, 2022 7:00:45 PM it.unisa.casper.analysis.code_smell_detection.blob.TextualBlobStrategyTest isSmellyTrue
INFORMAZIONI: 
true
]]></system-err>
</testsuite>
