<?xml version="1.0" encoding="UTF-8"?>
<testsuite name="it.unisa.casper.analysis.code_smell_detection.feature_envy.StructuralFeatureEnvyStrategyTest" tests="8" skipped="0" failures="0" errors="0" timestamp="2022-05-10T18:02:24" hostname="AIR-DI-MARCO.station" time="0.525">
  <properties/>
  <testcase name="isSmellyMinThreshold" classname="it.unisa.casper.analysis.code_smell_detection.feature_envy.StructuralFeatureEnvyStrategyTest" time="0.004"/>
  <testcase name="isSmellyFalse" classname="it.unisa.casper.analysis.code_smell_detection.feature_envy.StructuralFeatureEnvyStrategyTest" time="0.002"/>
  <testcase name="isSmellyNearThreshold" classname="it.unisa.casper.analysis.code_smell_detection.feature_envy.StructuralFeatureEnvyStrategyTest" time="0.001"/>
  <testcase name="isSmellyTrue" classname="it.unisa.casper.analysis.code_smell_detection.feature_envy.StructuralFeatureEnvyStrategyTest" time="0.001"/>
  <testcase name="isSmellyMinThreshold" classname="it.unisa.casper.analysis.code_smell_detection.feature_envy.StructuralFeatureEnvyStrategyTest" time="0.001"/>
  <testcase name="isSmellyFalse" classname="it.unisa.casper.analysis.code_smell_detection.feature_envy.StructuralFeatureEnvyStrategyTest" time="0.0"/>
  <testcase name="isSmellyNearThreshold" classname="it.unisa.casper.analysis.code_smell_detection.feature_envy.StructuralFeatureEnvyStrategyTest" time="0.0"/>
  <testcase name="isSmellyTrue" classname="it.unisa.casper.analysis.code_smell_detection.feature_envy.StructuralFeatureEnvyStrategyTest" time="0.0"/>
  <system-out><![CDATA[]]></system-out>
  <system-err><![CDATA[mag 10, 2022 8:02:24 PM it.unisa.casper.analysis.code_smell_detection.feature_envy.StructuralFeatureEnvyStrategyTest isSmellyMinThreshold
INFO: 
false
mag 10, 2022 8:02:24 PM it.unisa.casper.analysis.code_smell_detection.feature_envy.StructuralFeatureEnvyStrategyTest isSmellyFalse
INFO: 
false
mag 10, 2022 8:02:24 PM it.unisa.casper.analysis.code_smell_detection.feature_envy.StructuralFeatureEnvyStrategyTest isSmellyNearThreshold
INFO: 
true
mag 10, 2022 8:02:24 PM it.unisa.casper.analysis.code_smell_detection.feature_envy.StructuralFeatureEnvyStrategyTest isSmellyTrue
INFO: 
true
mag 10, 2022 8:02:25 PM it.unisa.casper.analysis.code_smell_detection.feature_envy.StructuralFeatureEnvyStrategyTest isSmellyMinThreshold
INFO: 
false
mag 10, 2022 8:02:25 PM it.unisa.casper.analysis.code_smell_detection.feature_envy.StructuralFeatureEnvyStrategyTest isSmellyFalse
INFO: 
false
mag 10, 2022 8:02:25 PM it.unisa.casper.analysis.code_smell_detection.feature_envy.StructuralFeatureEnvyStrategyTest isSmellyNearThreshold
INFO: 
true
mag 10, 2022 8:02:25 PM it.unisa.casper.analysis.code_smell_detection.feature_envy.StructuralFeatureEnvyStrategyTest isSmellyTrue
INFO: 
true
]]></system-err>
</testsuite>
